SF:lib\core\errors\failure.dart
DA:6,1
DA:10,1
DA:12,0
DA:13,0
DA:14,0
DA:15,0
DA:16,0
DA:17,0
DA:18,0
DA:19,0
DA:20,0
DA:21,0
DA:22,0
DA:23,0
DA:24,0
DA:25,0
DA:26,0
DA:27,0
DA:28,0
DA:29,0
DA:30,0
DA:31,0
DA:33,0
DA:37,0
DA:38,0
DA:39,0
DA:40,0
DA:41,0
DA:42,0
DA:43,0
DA:45,0
LF:31
LH:2
end_of_record
SF:lib\features\movies\domain\entities\movie_entity.dart
DA:9,0
LF:1
LH:0
end_of_record
SF:lib\features\movies\domain\use_cases\fetch_movies_use_case.dart
DA:11,1
DA:13,1
DA:15,2
LF:3
LH:3
end_of_record
SF:lib\features\movies\data\models\search_model.dart
DA:5,0
LF:1
LH:0
end_of_record
